
<html>
  <head>
    <title>Lab 08 - Graded Solution</title>
  </head>
  <body>
    <h1>Lab 08 - Graded Solution</h1>
    <p><b>You scored 70% = 2.0999999999999996 points for this lab.</b></p>
    <ul>
      <li><b>test_key_heap_1</b>
      <ul>
      <li>Grade Percentage: 6</li>
      <li>Your solution succeeded taking 0.131 sec</Li>
      </ul>
      </li>
      <li><b>test_key_heap_2</b>
      <ul>
      <li>Grade Percentage: 6</li>
      <li>Your solution succeeded taking 0.089 sec</Li>
      </ul>
      </li>
      <li><b>test_key_heap_3</b>
      <ul>
      <li>Grade Percentage: 6</li>
      <li>Your solution succeeded taking 0.091 sec</Li>
      </ul>
      </li>
      <li><b>test_key_heap_4</b>
      <ul>
      <li>Grade Percentage: 6</li>
      <li>Your solution succeeded taking 0.113 sec</Li>
      </ul>
      </li>
      <li><b>test_key_heap_5</b>
      <ul>
      <li>Grade Percentage: 6</li>
      <li>Your solution succeeded taking 0.096 sec</Li>
      </ul>
      </li>
      <li><b>test_median_1</b>
      <ul>
      <li>Grade Percentage: 13</li>
      <li>Your solution succeeded taking 0.098 sec</Li>
      </ul>
      </li>
      <li><b>test_median_2</b>
      <ul>
      <li>Grade Percentage: 13</li>
      <li>Your solution succeeded taking 0.132 sec</Li>
      </ul>
      </li>
      <li><b>test_median_3</b>
      <ul>
      <li>Grade Percentage: 14</li>
      <li>Your solution succeeded taking 1.468 sec</Li>
      </ul>
      </li>
      <li><b>test_topk_students</b>
      <ul>
      <li>Grade Percentage: 30</li>
      <li>Your solution failed this test case! taking 0.116 sec</Li>
<li><pre>AssertionError: Expected None but got [('Gertrud', 53), ('Peter', 33)]</pre></li>
<li><pre>Traceback (most recent call last):
  File "/Users/lord_pretzel/.pyenv/versions/3.9.0/lib/python3.9/site-packages/grader-0.0.1-py3.9.egg/grader/execution_base.py", line 60, in call_test_function
    test_function(
  File "/Users/lord_pretzel/.pyenv/versions/3.9.0/lib/python3.9/site-packages/grader-0.0.1-py3.9.egg/grader/core.py", line 48, in wrapper
    result = test_function(module, *args, **kwargs)
  File "/var/folders/f7/xnz8v_b13td37s3k4w8t5j2h0000gn/T/tmp_0zk4k6r/lab08-test.py", line 137, in test_topk_students
    assertEquals(naive_topk(students, 2, get_age),
  File "/Users/lord_pretzel/.pyenv/versions/3.9.0/lib/python3.9/site-packages/grader-0.0.1-py3.9.egg/grader/assertions.py", line 58, in assertEquals
    raise AssertionError(message)
AssertionError: Expected None but got [('Gertrud', 53), ('Peter', 33)]
</pre></li>
      </ul>
      </li>
    </ul>
  </body>
</html>
