
<html>
  <head>
    <title>Lab 03 - Graded Solution</title>
  </head>
  <body>
    <h1>Lab 03 - Graded Solution</h1>
    <p><b>You scored 18% = 0.54 points for this lab.</b></p>
    <ul>
      <li><b>Sort ints</b>
      <ul>
      <li>Grade Percentage: 6</li>
      <li>Your solution succeeded taking 0.112 sec</Li>
      </ul>
      </li>
      <li><b>Sort strings based on their last character</b>
      <ul>
      <li>Grade Percentage: 6</li>
      <li>Your solution succeeded taking 0.112 sec</Li>
      </ul>
      </li>
      <li><b>Sort students on their GPA</b>
      <ul>
      <li>Grade Percentage: 6</li>
      <li>Your solution succeeded taking 0.112 sec</Li>
      </ul>
      </li>
      <li><b>Binary search for ints</b>
      <ul>
      <li>Grade Percentage: 6</li>
      <li>Your solution failed this test case! taking 0.133 sec</Li>
<li><pre>NameError: name 'NOT_FOUND' is not defined</pre></li>
<li><pre>Traceback (most recent call last):
  File "/Users/lord_pretzel/.pyenv/versions/3.9.0/lib/python3.9/site-packages/grader-0.0.1-py3.9.egg/grader/execution_base.py", line 60, in call_test_function
    test_function(
  File "/Users/lord_pretzel/.pyenv/versions/3.9.0/lib/python3.9/site-packages/grader-0.0.1-py3.9.egg/grader/core.py", line 48, in wrapper
    result = test_function(module, *args, **kwargs)
  File "/var/folders/f7/xnz8v_b13td37s3k4w8t5j2h0000gn/T/tmprcehemce/lab03-test.py", line 44, in test1_4
    assertEquals(m.module.mybinsearch(sortedints, 11, intcmp), -1)
  File "<tested-program>", line 50, in mybinsearch
NameError: name 'NOT_FOUND' is not defined
</pre></li>
      </ul>
      </li>
      <li><b>Binary search for students by GPA</b>
      <ul>
      <li>Grade Percentage: 6</li>
      <li>Your solution failed this test case! taking 0.132 sec</Li>
<li><pre>NameError: name 'NOT_FOUND' is not defined</pre></li>
<li><pre>Traceback (most recent call last):
  File "/Users/lord_pretzel/.pyenv/versions/3.9.0/lib/python3.9/site-packages/grader-0.0.1-py3.9.egg/grader/execution_base.py", line 60, in call_test_function
    test_function(
  File "/Users/lord_pretzel/.pyenv/versions/3.9.0/lib/python3.9/site-packages/grader-0.0.1-py3.9.egg/grader/core.py", line 48, in wrapper
    result = test_function(module, *args, **kwargs)
  File "/var/folders/f7/xnz8v_b13td37s3k4w8t5j2h0000gn/T/tmpem2hc7c2/lab03-test.py", line 56, in test1_5
    assertEquals(m.module.mybinsearch(sortedstudents, 3.7, stbincmp), -1)
  File "<tested-program>", line 50, in mybinsearch
NameError: name 'NOT_FOUND' is not defined
</pre></li>
      </ul>
      </li>
      <li><b>Search for substrings in hello world</b>
      <ul>
      <li>Grade Percentage: 15</li>
      <li>Your solution failed this test case! taking 0.127 sec</Li>
<li><pre>NameError: name 'NOT_FOUND' is not defined</pre></li>
<li><pre>Traceback (most recent call last):
  File "/Users/lord_pretzel/.pyenv/versions/3.9.0/lib/python3.9/site-packages/grader-0.0.1-py3.9.egg/grader/execution_base.py", line 60, in call_test_function
    test_function(
  File "/Users/lord_pretzel/.pyenv/versions/3.9.0/lib/python3.9/site-packages/grader-0.0.1-py3.9.egg/grader/core.py", line 48, in wrapper
    result = test_function(module, *args, **kwargs)
  File "/var/folders/f7/xnz8v_b13td37s3k4w8t5j2h0000gn/T/tmpkftqw796/lab03-test.py", line 64, in test2_1
    assertTrue(p.search("l"))
  File "<tested-program>", line 139, in search
NameError: name 'NOT_FOUND' is not defined
</pre></li>
      </ul>
      </li>
      <li><b>Search for substrings in Moby Dick</b>
      <ul>
      <li>Grade Percentage: 15</li>
      <li>Your solution failed this test case! taking 6.376 sec</Li>
<li><pre>NameError: name 'NOT_FOUND' is not defined</pre></li>
<li><pre>Traceback (most recent call last):
  File "/Users/lord_pretzel/.pyenv/versions/3.9.0/lib/python3.9/site-packages/grader-0.0.1-py3.9.egg/grader/execution_base.py", line 60, in call_test_function
    test_function(
  File "/Users/lord_pretzel/.pyenv/versions/3.9.0/lib/python3.9/site-packages/grader-0.0.1-py3.9.egg/grader/core.py", line 48, in wrapper
    result = test_function(module, *args, **kwargs)
  File "/var/folders/f7/xnz8v_b13td37s3k4w8t5j2h0000gn/T/tmpctf1cb32/lab03-test.py", line 82, in test2_2
    assertTrue(p.search("Moby"))
  File "<tested-program>", line 139, in search
NameError: name 'NOT_FOUND' is not defined
</pre></li>
      </ul>
      </li>
      <li><b>Search for substrings in hello world using suffix array</b>
      <ul>
      <li>Grade Percentage: 20</li>
      <li>Your solution failed this test case! taking 0.130 sec</Li>
<li><pre>NameError: name 'NOT_FOUND' is not defined</pre></li>
<li><pre>Traceback (most recent call last):
  File "/Users/lord_pretzel/.pyenv/versions/3.9.0/lib/python3.9/site-packages/grader-0.0.1-py3.9.egg/grader/execution_base.py", line 60, in call_test_function
    test_function(
  File "/Users/lord_pretzel/.pyenv/versions/3.9.0/lib/python3.9/site-packages/grader-0.0.1-py3.9.egg/grader/core.py", line 48, in wrapper
    result = test_function(module, *args, **kwargs)
  File "/var/folders/f7/xnz8v_b13td37s3k4w8t5j2h0000gn/T/tmpqva5927b/lab03-test.py", line 90, in test3_1
    assertTrue(s.contains("l"))
  File "<tested-program>", line 212, in contains
NameError: name 'NOT_FOUND' is not defined
</pre></li>
      </ul>
      </li>
      <li><b>Search for substrings in Moby Dick using suffix array</b>
      <ul>
      <li>Grade Percentage: 20</li>
      <li>Your solution failed this test case! taking 1.613 sec</Li>
<li><pre>NameError: name 'NOT_FOUND' is not defined</pre></li>
<li><pre>Traceback (most recent call last):
  File "/Users/lord_pretzel/.pyenv/versions/3.9.0/lib/python3.9/site-packages/grader-0.0.1-py3.9.egg/grader/execution_base.py", line 60, in call_test_function
    test_function(
  File "/Users/lord_pretzel/.pyenv/versions/3.9.0/lib/python3.9/site-packages/grader-0.0.1-py3.9.egg/grader/core.py", line 48, in wrapper
    result = test_function(module, *args, **kwargs)
  File "/var/folders/f7/xnz8v_b13td37s3k4w8t5j2h0000gn/T/tmpbiacpra6/lab03-test.py", line 105, in test3_2
    assertTrue(s.contains("Moby Dick"))
  File "<tested-program>", line 212, in contains
NameError: name 'NOT_FOUND' is not defined
</pre></li>
      </ul>
      </li>
    </ul>
  </body>
</html>
